{"/Users/thomassourianos/Desktop/Code/Handelsbanken/code-case/src/app/_layout.tsx": {"path":"/Users/thomassourianos/Desktop/Code/Handelsbanken/code-case/src/app/_layout.tsx","statementMap":{"0":{"start":{"line":9,"column":2},"end":{"line":9,"column":23}},"1":{"start":{"line":11,"column":2},"end":{"line":17,"column":4}}},"fnMap":{"0":{"name":"RootLayout","decl":{"start":{"line":8,"column":24},"end":{"line":8,"column":34}},"loc":{"start":{"line":8,"column":37},"end":{"line":18,"column":1}},"line":8}},"branchMap":{},"s":{"0":0,"1":0},"f":{"0":0},"b":{}}
,"/Users/thomassourianos/Desktop/Code/Handelsbanken/code-case/src/app/(tabs)/_layout.tsx": {"path":"/Users/thomassourianos/Desktop/Code/Handelsbanken/code-case/src/app/(tabs)/_layout.tsx","statementMap":{"0":{"start":{"line":5,"column":2},"end":{"line":24,"column":4}},"1":{"start":{"line":12,"column":37},"end":{"line":12,"column":61}},"2":{"start":{"line":20,"column":37},"end":{"line":20,"column":62}}},"fnMap":{"0":{"name":"TabLayout","decl":{"start":{"line":4,"column":24},"end":{"line":4,"column":33}},"loc":{"start":{"line":4,"column":36},"end":{"line":25,"column":1}},"line":4},"1":{"name":"(anonymous_1)","decl":{"start":{"line":12,"column":22},"end":{"line":12,"column":23}},"loc":{"start":{"line":12,"column":37},"end":{"line":12,"column":61}},"line":12},"2":{"name":"(anonymous_2)","decl":{"start":{"line":20,"column":22},"end":{"line":20,"column":23}},"loc":{"start":{"line":20,"column":37},"end":{"line":20,"column":62}},"line":20}},"branchMap":{},"s":{"0":0,"1":0,"2":0},"f":{"0":0,"1":0,"2":0},"b":{}}
,"/Users/thomassourianos/Desktop/Code/Handelsbanken/code-case/src/app/(tabs)/settings.tsx": {"path":"/Users/thomassourianos/Desktop/Code/Handelsbanken/code-case/src/app/(tabs)/settings.tsx","statementMap":{"0":{"start":{"line":4,"column":2},"end":{"line":4,"column":28}}},"fnMap":{"0":{"name":"SettingsPage","decl":{"start":{"line":3,"column":24},"end":{"line":3,"column":36}},"loc":{"start":{"line":3,"column":39},"end":{"line":5,"column":1}},"line":3}},"branchMap":{},"s":{"0":0},"f":{"0":0},"b":{}}
,"/Users/thomassourianos/Desktop/Code/Handelsbanken/code-case/src/app/(tabs)/(home)/_layout.tsx": {"path":"/Users/thomassourianos/Desktop/Code/Handelsbanken/code-case/src/app/(tabs)/(home)/_layout.tsx","statementMap":{"0":{"start":{"line":4,"column":2},"end":{"line":9,"column":4}}},"fnMap":{"0":{"name":"HomeLayout","decl":{"start":{"line":3,"column":24},"end":{"line":3,"column":34}},"loc":{"start":{"line":3,"column":37},"end":{"line":10,"column":1}},"line":3}},"branchMap":{},"s":{"0":0},"f":{"0":0},"b":{}}
,"/Users/thomassourianos/Desktop/Code/Handelsbanken/code-case/src/app/(tabs)/(home)/index.tsx": {"path":"/Users/thomassourianos/Desktop/Code/Handelsbanken/code-case/src/app/(tabs)/(home)/index.tsx","statementMap":{"0":{"start":{"line":11,"column":2},"end":{"line":11,"column":28}}},"fnMap":{"0":{"name":"Homepage","decl":{"start":{"line":10,"column":24},"end":{"line":10,"column":32}},"loc":{"start":{"line":10,"column":35},"end":{"line":12,"column":1}},"line":10}},"branchMap":{},"s":{"0":0},"f":{"0":0},"b":{}}
,"/Users/thomassourianos/Desktop/Code/Handelsbanken/code-case/src/app/(tabs)/(home)/weather/[id].tsx": {"path":"/Users/thomassourianos/Desktop/Code/Handelsbanken/code-case/src/app/(tabs)/(home)/weather/[id].tsx","statementMap":{"0":{"start":{"line":5,"column":17},"end":{"line":5,"column":55}},"1":{"start":{"line":6,"column":2},"end":{"line":6,"column":49}}},"fnMap":{"0":{"name":"WeatherPage","decl":{"start":{"line":4,"column":24},"end":{"line":4,"column":35}},"loc":{"start":{"line":4,"column":38},"end":{"line":7,"column":1}},"line":4}},"branchMap":{},"s":{"0":0,"1":0},"f":{"0":0},"b":{}}
,"/Users/thomassourianos/Desktop/Code/Handelsbanken/code-case/src/components/AddUserLocation.tsx": {"path":"/Users/thomassourianos/Desktop/Code/Handelsbanken/code-case/src/components/AddUserLocation.tsx","statementMap":{"0":{"start":{"line":9,"column":31},"end":{"line":50,"column":1}},"1":{"start":{"line":10,"column":27},"end":{"line":10,"column":42}},"2":{"start":{"line":11,"column":22},"end":{"line":11,"column":69}},"3":{"start":{"line":12,"column":59},"end":{"line":12,"column":76}},"4":{"start":{"line":15,"column":21},"end":{"line":15,"column":47}},"5":{"start":{"line":17,"column":4},"end":{"line":19,"column":5}},"6":{"start":{"line":18,"column":6},"end":{"line":18,"column":13}},"7":{"start":{"line":21,"column":36},"end":{"line":21,"column":44}},"8":{"start":{"line":22,"column":32},"end":{"line":22,"column":71}},"9":{"start":{"line":24,"column":4},"end":{"line":34,"column":7}},"10":{"start":{"line":25,"column":6},"end":{"line":27,"column":7}},"11":{"start":{"line":26,"column":8},"end":{"line":26,"column":29}},"12":{"start":{"line":29,"column":6},"end":{"line":33,"column":9}},"13":{"start":{"line":37,"column":2},"end":{"line":39,"column":3}},"14":{"start":{"line":38,"column":4},"end":{"line":38,"column":69}},"15":{"start":{"line":41,"column":2},"end":{"line":49,"column":4}}},"fnMap":{"0":{"name":"(anonymous_0)","decl":{"start":{"line":9,"column":31},"end":{"line":9,"column":32}},"loc":{"start":{"line":9,"column":37},"end":{"line":50,"column":1}},"line":9},"1":{"name":"handleAddLocation","decl":{"start":{"line":14,"column":17},"end":{"line":14,"column":34}},"loc":{"start":{"line":14,"column":37},"end":{"line":35,"column":3}},"line":14},"2":{"name":"(anonymous_2)","decl":{"start":{"line":24,"column":39},"end":{"line":24,"column":40}},"loc":{"start":{"line":24,"column":50},"end":{"line":34,"column":5}},"line":24}},"branchMap":{"0":{"loc":{"start":{"line":17,"column":4},"end":{"line":19,"column":5}},"type":"if","locations":[{"start":{"line":17,"column":4},"end":{"line":19,"column":5}},{"start":{},"end":{}}],"line":17},"1":{"loc":{"start":{"line":25,"column":6},"end":{"line":27,"column":7}},"type":"if","locations":[{"start":{"line":25,"column":6},"end":{"line":27,"column":7}},{"start":{},"end":{}}],"line":25},"2":{"loc":{"start":{"line":37,"column":2},"end":{"line":39,"column":3}},"type":"if","locations":[{"start":{"line":37,"column":2},"end":{"line":39,"column":3}},{"start":{},"end":{}}],"line":37}},"s":{"0":0,"1":0,"2":0,"3":0,"4":0,"5":0,"6":0,"7":0,"8":0,"9":0,"10":0,"11":0,"12":0,"13":0,"14":0,"15":0},"f":{"0":0,"1":0,"2":0},"b":{"0":[0,0],"1":[0,0],"2":[0,0]}}
,"/Users/thomassourianos/Desktop/Code/Handelsbanken/code-case/src/components/ErrorView.tsx": {"path":"/Users/thomassourianos/Desktop/Code/Handelsbanken/code-case/src/components/ErrorView.tsx","statementMap":{"0":{"start":{"line":6,"column":25},"end":{"line":13,"column":1}},"1":{"start":{"line":7,"column":2},"end":{"line":12,"column":4}}},"fnMap":{"0":{"name":"(anonymous_0)","decl":{"start":{"line":6,"column":25},"end":{"line":6,"column":26}},"loc":{"start":{"line":6,"column":31},"end":{"line":13,"column":1}},"line":6}},"branchMap":{},"s":{"0":2,"1":7},"f":{"0":7},"b":{},"_coverageSchema":"1a1c01bbd47fc00a2c39e90264f33305004495a9","hash":"8a2435cd32f785eb072771ea9ecc3df55b983033"}
,"/Users/thomassourianos/Desktop/Code/Handelsbanken/code-case/src/components/LoadingView.tsx": {"path":"/Users/thomassourianos/Desktop/Code/Handelsbanken/code-case/src/components/LoadingView.tsx","statementMap":{"0":{"start":{"line":4,"column":27},"end":{"line":11,"column":1}},"1":{"start":{"line":5,"column":2},"end":{"line":10,"column":4}}},"fnMap":{"0":{"name":"(anonymous_0)","decl":{"start":{"line":4,"column":27},"end":{"line":4,"column":28}},"loc":{"start":{"line":4,"column":33},"end":{"line":11,"column":1}},"line":4}},"branchMap":{},"s":{"0":2,"1":7},"f":{"0":7},"b":{},"_coverageSchema":"1a1c01bbd47fc00a2c39e90264f33305004495a9","hash":"4c39c79addbecf50171efec6eebeb26a63816c3d"}
,"/Users/thomassourianos/Desktop/Code/Handelsbanken/code-case/src/components/Providers.tsx": {"path":"/Users/thomassourianos/Desktop/Code/Handelsbanken/code-case/src/components/Providers.tsx","statementMap":{"0":{"start":{"line":5,"column":36},"end":{"line":11,"column":1}},"1":{"start":{"line":6,"column":2},"end":{"line":10,"column":4}}},"fnMap":{"0":{"name":"(anonymous_0)","decl":{"start":{"line":5,"column":36},"end":{"line":5,"column":37}},"loc":{"start":{"line":5,"column":79},"end":{"line":11,"column":1}},"line":5}},"branchMap":{},"s":{"0":0,"1":0},"f":{"0":0},"b":{}}
,"/Users/thomassourianos/Desktop/Code/Handelsbanken/code-case/src/components/ScreenWrapper.tsx": {"path":"/Users/thomassourianos/Desktop/Code/Handelsbanken/code-case/src/components/ScreenWrapper.tsx","statementMap":{"0":{"start":{"line":4,"column":29},"end":{"line":12,"column":1}},"1":{"start":{"line":5,"column":2},"end":{"line":11,"column":4}}},"fnMap":{"0":{"name":"(anonymous_0)","decl":{"start":{"line":4,"column":29},"end":{"line":4,"column":30}},"loc":{"start":{"line":4,"column":72},"end":{"line":12,"column":1}},"line":4}},"branchMap":{},"s":{"0":3,"1":14},"f":{"0":14},"b":{},"_coverageSchema":"1a1c01bbd47fc00a2c39e90264f33305004495a9","hash":"4a581d06e14adacc5794a1f1b70ae12c06b0242a"}
,"/Users/thomassourianos/Desktop/Code/Handelsbanken/code-case/src/components/WeatherItem.tsx": {"path":"/Users/thomassourianos/Desktop/Code/Handelsbanken/code-case/src/components/WeatherItem.tsx","statementMap":{"0":{"start":{"line":10,"column":27},"end":{"line":66,"column":1}},"1":{"start":{"line":19,"column":27},"end":{"line":19,"column":51}},"2":{"start":{"line":20,"column":25},"end":{"line":20,"column":44}},"3":{"start":{"line":23,"column":2},"end":{"line":25,"column":3}},"4":{"start":{"line":24,"column":4},"end":{"line":24,"column":25}},"5":{"start":{"line":27,"column":2},"end":{"line":29,"column":3}},"6":{"start":{"line":28,"column":4},"end":{"line":28,"column":27}},"7":{"start":{"line":31,"column":2},"end":{"line":33,"column":3}},"8":{"start":{"line":32,"column":4},"end":{"line":32,"column":25}},"9":{"start":{"line":36,"column":4},"end":{"line":36,"column":54}},"10":{"start":{"line":38,"column":2},"end":{"line":65,"column":4}}},"fnMap":{"0":{"name":"(anonymous_0)","decl":{"start":{"line":10,"column":27},"end":{"line":10,"column":28}},"loc":{"start":{"line":18,"column":6},"end":{"line":66,"column":1}},"line":18}},"branchMap":{"0":{"loc":{"start":{"line":23,"column":2},"end":{"line":25,"column":3}},"type":"if","locations":[{"start":{"line":23,"column":2},"end":{"line":25,"column":3}},{"start":{},"end":{}}],"line":23},"1":{"loc":{"start":{"line":27,"column":2},"end":{"line":29,"column":3}},"type":"if","locations":[{"start":{"line":27,"column":2},"end":{"line":29,"column":3}},{"start":{},"end":{}}],"line":27},"2":{"loc":{"start":{"line":31,"column":2},"end":{"line":33,"column":3}},"type":"if","locations":[{"start":{"line":31,"column":2},"end":{"line":33,"column":3}},{"start":{},"end":{}}],"line":31}},"s":{"0":1,"1":12,"2":12,"3":12,"4":1,"5":11,"6":5,"7":6,"8":4,"9":2,"10":2},"f":{"0":12},"b":{"0":[1,11],"1":[5,6],"2":[4,2]},"_coverageSchema":"1a1c01bbd47fc00a2c39e90264f33305004495a9","hash":"8995d86410a47b72c2f9741a1b4b31e3b189f0f8"}
,"/Users/thomassourianos/Desktop/Code/Handelsbanken/code-case/src/context/stored-urls.tsx": {"path":"/Users/thomassourianos/Desktop/Code/Handelsbanken/code-case/src/context/stored-urls.tsx","statementMap":{"0":{"start":{"line":11,"column":20},"end":{"line":14,"column":1}},"1":{"start":{"line":16,"column":19},"end":{"line":19,"column":1}},"2":{"start":{"line":21,"column":17},"end":{"line":21,"column":36}},"3":{"start":{"line":22,"column":0},"end":{"line":22,"column":64}},"4":{"start":{"line":23,"column":0},"end":{"line":23,"column":64}},"5":{"start":{"line":25,"column":16},"end":{"line":25,"column":35}},"6":{"start":{"line":26,"column":0},"end":{"line":26,"column":62}},"7":{"start":{"line":27,"column":0},"end":{"line":27,"column":62}},"8":{"start":{"line":29,"column":17},"end":{"line":29,"column":55}},"9":{"start":{"line":29,"column":23},"end":{"line":29,"column":55}},"10":{"start":{"line":37,"column":28},"end":{"line":48,"column":1}},"11":{"start":{"line":56,"column":26},"end":{"line":60,"column":2}},"12":{"start":{"line":62,"column":34},"end":{"line":90,"column":1}},"13":{"start":{"line":63,"column":38},"end":{"line":63,"column":67}},"14":{"start":{"line":65,"column":23},"end":{"line":67,"column":8}},"15":{"start":{"line":66,"column":4},"end":{"line":66,"column":56}},"16":{"start":{"line":66,"column":34},"end":{"line":66,"column":54}},"17":{"start":{"line":69,"column":26},"end":{"line":74,"column":3}},"18":{"start":{"line":71,"column":6},"end":{"line":71,"column":63}},"19":{"start":{"line":71,"column":47},"end":{"line":71,"column":60}},"20":{"start":{"line":76,"column":23},"end":{"line":83,"column":3}},"21":{"start":{"line":77,"column":11},"end":{"line":81,"column":5}},"22":{"start":{"line":85,"column":2},"end":{"line":89,"column":4}},"23":{"start":{"line":92,"column":29},"end":{"line":100,"column":1}},"24":{"start":{"line":93,"column":18},"end":{"line":93,"column":47}},"25":{"start":{"line":94,"column":2},"end":{"line":98,"column":3}},"26":{"start":{"line":95,"column":4},"end":{"line":97,"column":6}},"27":{"start":{"line":99,"column":2},"end":{"line":99,"column":17}}},"fnMap":{"0":{"name":"(anonymous_0)","decl":{"start":{"line":29,"column":17},"end":{"line":29,"column":18}},"loc":{"start":{"line":29,"column":23},"end":{"line":29,"column":55}},"line":29},"1":{"name":"(anonymous_1)","decl":{"start":{"line":58,"column":16},"end":{"line":58,"column":17}},"loc":{"start":{"line":58,"column":22},"end":{"line":58,"column":24}},"line":58},"2":{"name":"(anonymous_2)","decl":{"start":{"line":59,"column":19},"end":{"line":59,"column":20}},"loc":{"start":{"line":59,"column":25},"end":{"line":59,"column":27}},"line":59},"3":{"name":"(anonymous_3)","decl":{"start":{"line":62,"column":34},"end":{"line":62,"column":35}},"loc":{"start":{"line":62,"column":77},"end":{"line":90,"column":1}},"line":62},"4":{"name":"(anonymous_4)","decl":{"start":{"line":65,"column":35},"end":{"line":65,"column":36}},"loc":{"start":{"line":65,"column":49},"end":{"line":67,"column":3}},"line":65},"5":{"name":"(anonymous_5)","decl":{"start":{"line":66,"column":18},"end":{"line":66,"column":19}},"loc":{"start":{"line":66,"column":34},"end":{"line":66,"column":54}},"line":66},"6":{"name":"(anonymous_6)","decl":{"start":{"line":70,"column":4},"end":{"line":70,"column":5}},"loc":{"start":{"line":70,"column":20},"end":{"line":72,"column":5}},"line":70},"7":{"name":"(anonymous_7)","decl":{"start":{"line":71,"column":38},"end":{"line":71,"column":39}},"loc":{"start":{"line":71,"column":47},"end":{"line":71,"column":60}},"line":71},"8":{"name":"(anonymous_8)","decl":{"start":{"line":77,"column":4},"end":{"line":77,"column":5}},"loc":{"start":{"line":77,"column":11},"end":{"line":81,"column":5}},"line":77},"9":{"name":"(anonymous_9)","decl":{"start":{"line":92,"column":29},"end":{"line":92,"column":30}},"loc":{"start":{"line":92,"column":35},"end":{"line":100,"column":1}},"line":92}},"branchMap":{"0":{"loc":{"start":{"line":94,"column":2},"end":{"line":98,"column":3}},"type":"if","locations":[{"start":{"line":94,"column":2},"end":{"line":98,"column":3}},{"start":{},"end":{}}],"line":94}},"s":{"0":0,"1":0,"2":0,"3":0,"4":0,"5":0,"6":0,"7":0,"8":0,"9":0,"10":0,"11":0,"12":0,"13":0,"14":0,"15":0,"16":0,"17":0,"18":0,"19":0,"20":0,"21":0,"22":0,"23":0,"24":0,"25":0,"26":0,"27":0},"f":{"0":0,"1":0,"2":0,"3":0,"4":0,"5":0,"6":0,"7":0,"8":0,"9":0},"b":{"0":[0,0]}}
,"/Users/thomassourianos/Desktop/Code/Handelsbanken/code-case/src/context/user-preference.tsx": {"path":"/Users/thomassourianos/Desktop/Code/Handelsbanken/code-case/src/context/user-preference.tsx","statementMap":{"0":{"start":{"line":19,"column":37},"end":{"line":22,"column":2}},"1":{"start":{"line":28,"column":38},"end":{"line":78,"column":1}},"2":{"start":{"line":32,"column":38},"end":{"line":32,"column":69}},"3":{"start":{"line":34,"column":31},"end":{"line":34,"column":78}},"4":{"start":{"line":36,"column":27},"end":{"line":47,"column":3}},"5":{"start":{"line":38,"column":6},"end":{"line":40,"column":7}},"6":{"start":{"line":39,"column":8},"end":{"line":39,"column":47}},"7":{"start":{"line":42,"column":6},"end":{"line":42,"column":35}},"8":{"start":{"line":44,"column":6},"end":{"line":44,"column":35}},"9":{"start":{"line":49,"column":2},"end":{"line":66,"column":16}},"10":{"start":{"line":50,"column":34},"end":{"line":63,"column":5}},"11":{"start":{"line":51,"column":6},"end":{"line":62,"column":7}},"12":{"start":{"line":52,"column":33},"end":{"line":52,"column":48}},"13":{"start":{"line":53,"column":8},"end":{"line":56,"column":9}},"14":{"start":{"line":54,"column":10},"end":{"line":54,"column":35}},"15":{"start":{"line":55,"column":10},"end":{"line":55,"column":17}},"16":{"start":{"line":58,"column":8},"end":{"line":58,"column":54}},"17":{"start":{"line":60,"column":8},"end":{"line":60,"column":68}},"18":{"start":{"line":61,"column":8},"end":{"line":61,"column":33}},"19":{"start":{"line":65,"column":4},"end":{"line":65,"column":28}},"20":{"start":{"line":68,"column":23},"end":{"line":71,"column":3}},"21":{"start":{"line":69,"column":11},"end":{"line":69,"column":43}},"22":{"start":{"line":73,"column":2},"end":{"line":77,"column":4}},"23":{"start":{"line":80,"column":33},"end":{"line":88,"column":1}},"24":{"start":{"line":81,"column":18},"end":{"line":81,"column":51}},"25":{"start":{"line":82,"column":2},"end":{"line":86,"column":3}},"26":{"start":{"line":83,"column":4},"end":{"line":85,"column":6}},"27":{"start":{"line":87,"column":2},"end":{"line":87,"column":17}}},"fnMap":{"0":{"name":"(anonymous_0)","decl":{"start":{"line":21,"column":20},"end":{"line":21,"column":21}},"loc":{"start":{"line":21,"column":51},"end":{"line":21,"column":53}},"line":21},"1":{"name":"(anonymous_1)","decl":{"start":{"line":28,"column":38},"end":{"line":28,"column":39}},"loc":{"start":{"line":30,"column":35},"end":{"line":78,"column":1}},"line":30},"2":{"name":"(anonymous_2)","decl":{"start":{"line":37,"column":4},"end":{"line":37,"column":5}},"loc":{"start":{"line":37,"column":41},"end":{"line":45,"column":5}},"line":37},"3":{"name":"(anonymous_3)","decl":{"start":{"line":49,"column":12},"end":{"line":49,"column":13}},"loc":{"start":{"line":49,"column":18},"end":{"line":66,"column":3}},"line":49},"4":{"name":"(anonymous_4)","decl":{"start":{"line":50,"column":34},"end":{"line":50,"column":35}},"loc":{"start":{"line":50,"column":46},"end":{"line":63,"column":5}},"line":50},"5":{"name":"(anonymous_5)","decl":{"start":{"line":69,"column":4},"end":{"line":69,"column":5}},"loc":{"start":{"line":69,"column":11},"end":{"line":69,"column":43}},"line":69},"6":{"name":"(anonymous_6)","decl":{"start":{"line":80,"column":33},"end":{"line":80,"column":34}},"loc":{"start":{"line":80,"column":39},"end":{"line":88,"column":1}},"line":80}},"branchMap":{"0":{"loc":{"start":{"line":38,"column":6},"end":{"line":40,"column":7}},"type":"if","locations":[{"start":{"line":38,"column":6},"end":{"line":40,"column":7}},{"start":{},"end":{}}],"line":38},"1":{"loc":{"start":{"line":38,"column":10},"end":{"line":38,"column":71}},"type":"binary-expr","locations":[{"start":{"line":38,"column":10},"end":{"line":38,"column":37}},{"start":{"line":38,"column":41},"end":{"line":38,"column":71}}],"line":38},"2":{"loc":{"start":{"line":53,"column":8},"end":{"line":56,"column":9}},"type":"if","locations":[{"start":{"line":53,"column":8},"end":{"line":56,"column":9}},{"start":{},"end":{}}],"line":53},"3":{"loc":{"start":{"line":82,"column":2},"end":{"line":86,"column":3}},"type":"if","locations":[{"start":{"line":82,"column":2},"end":{"line":86,"column":3}},{"start":{},"end":{}}],"line":82}},"s":{"0":2,"1":2,"2":0,"3":0,"4":0,"5":0,"6":0,"7":0,"8":0,"9":0,"10":0,"11":0,"12":0,"13":0,"14":0,"15":0,"16":0,"17":0,"18":0,"19":0,"20":0,"21":0,"22":0,"23":2,"24":1,"25":1,"26":0,"27":1},"f":{"0":0,"1":0,"2":0,"3":0,"4":0,"5":0,"6":1},"b":{"0":[0,0],"1":[0,0],"2":[0,0],"3":[0,1]},"_coverageSchema":"1a1c01bbd47fc00a2c39e90264f33305004495a9","hash":"8300fa5bcc742c0604e7639289845a3924880cd4"}
,"/Users/thomassourianos/Desktop/Code/Handelsbanken/code-case/src/hooks/useFetchWeatherData.ts": {"path":"/Users/thomassourianos/Desktop/Code/Handelsbanken/code-case/src/hooks/useFetchWeatherData.ts","statementMap":{"0":{"start":{"line":6,"column":35},"end":{"line":36,"column":1}},"1":{"start":{"line":9,"column":26},"end":{"line":9,"column":72}},"2":{"start":{"line":10,"column":30},"end":{"line":10,"column":62}},"3":{"start":{"line":12,"column":2},"end":{"line":33,"column":12}},"4":{"start":{"line":14,"column":6},"end":{"line":14,"column":27}},"5":{"start":{"line":16,"column":6},"end":{"line":29,"column":7}},"6":{"start":{"line":17,"column":25},"end":{"line":17,"column":41}},"7":{"start":{"line":19,"column":8},"end":{"line":21,"column":9}},"8":{"start":{"line":20,"column":10},"end":{"line":20,"column":68}},"9":{"start":{"line":22,"column":21},"end":{"line":22,"column":42}},"10":{"start":{"line":23,"column":8},"end":{"line":23,"column":22}},"11":{"start":{"line":25,"column":8},"end":{"line":25,"column":25}},"12":{"start":{"line":26,"column":8},"end":{"line":26,"column":27}},"13":{"start":{"line":28,"column":8},"end":{"line":28,"column":26}},"14":{"start":{"line":32,"column":4},"end":{"line":32,"column":16}},"15":{"start":{"line":35,"column":2},"end":{"line":35,"column":26}}},"fnMap":{"0":{"name":"(anonymous_0)","decl":{"start":{"line":6,"column":35},"end":{"line":6,"column":36}},"loc":{"start":{"line":8,"column":66},"end":{"line":36,"column":1}},"line":8},"1":{"name":"(anonymous_1)","decl":{"start":{"line":12,"column":12},"end":{"line":12,"column":13}},"loc":{"start":{"line":12,"column":18},"end":{"line":33,"column":3}},"line":12},"2":{"name":"fetchData","decl":{"start":{"line":13,"column":19},"end":{"line":13,"column":28}},"loc":{"start":{"line":13,"column":31},"end":{"line":30,"column":5}},"line":13}},"branchMap":{"0":{"loc":{"start":{"line":19,"column":8},"end":{"line":21,"column":9}},"type":"if","locations":[{"start":{"line":19,"column":8},"end":{"line":21,"column":9}},{"start":{},"end":{}}],"line":19}},"s":{"0":1,"1":12,"2":12,"3":12,"4":3,"5":3,"6":3,"7":2,"8":0,"9":2,"10":2,"11":1,"12":1,"13":3,"14":3,"15":12},"f":{"0":12,"1":3,"2":3},"b":{"0":[0,2]},"_coverageSchema":"1a1c01bbd47fc00a2c39e90264f33305004495a9","hash":"5c789d60e0155b4747171d4a6c7fe49dcc81fd4f"}
,"/Users/thomassourianos/Desktop/Code/Handelsbanken/code-case/src/hooks/useUserLocation.ts": {"path":"/Users/thomassourianos/Desktop/Code/Handelsbanken/code-case/src/hooks/useUserLocation.ts","statementMap":{"0":{"start":{"line":11,"column":31},"end":{"line":47,"column":1}},"1":{"start":{"line":15,"column":31},"end":{"line":15,"column":60}},"2":{"start":{"line":16,"column":22},"end":{"line":16,"column":52}},"3":{"start":{"line":19,"column":29},"end":{"line":23,"column":6}},"4":{"start":{"line":20,"column":6},"end":{"line":22,"column":7}},"5":{"start":{"line":21,"column":8},"end":{"line":21,"column":52}},"6":{"start":{"line":25,"column":4},"end":{"line":27,"column":5}},"7":{"start":{"line":26,"column":6},"end":{"line":26,"column":42}},"8":{"start":{"line":29,"column":21},"end":{"line":29,"column":71}},"9":{"start":{"line":30,"column":4},"end":{"line":36,"column":5}},"10":{"start":{"line":31,"column":6},"end":{"line":31,"column":62}},"11":{"start":{"line":32,"column":6},"end":{"line":35,"column":8}},"12":{"start":{"line":38,"column":23},"end":{"line":38,"column":65}},"13":{"start":{"line":40,"column":4},"end":{"line":43,"column":6}},"14":{"start":{"line":46,"column":2},"end":{"line":46,"column":39}}},"fnMap":{"0":{"name":"(anonymous_0)","decl":{"start":{"line":11,"column":31},"end":{"line":11,"column":32}},"loc":{"start":{"line":14,"column":5},"end":{"line":47,"column":1}},"line":14},"1":{"name":"getCurrentLocation","decl":{"start":{"line":18,"column":17},"end":{"line":18,"column":35}},"loc":{"start":{"line":18,"column":55},"end":{"line":44,"column":3}},"line":18},"2":{"name":"(anonymous_2)","decl":{"start":{"line":19,"column":43},"end":{"line":19,"column":44}},"loc":{"start":{"line":19,"column":54},"end":{"line":23,"column":5}},"line":19}},"branchMap":{"0":{"loc":{"start":{"line":20,"column":6},"end":{"line":22,"column":7}},"type":"if","locations":[{"start":{"line":20,"column":6},"end":{"line":22,"column":7}},{"start":{},"end":{}}],"line":20},"1":{"loc":{"start":{"line":25,"column":4},"end":{"line":27,"column":5}},"type":"if","locations":[{"start":{"line":25,"column":4},"end":{"line":27,"column":5}},{"start":{},"end":{}}],"line":25},"2":{"loc":{"start":{"line":30,"column":4},"end":{"line":36,"column":5}},"type":"if","locations":[{"start":{"line":30,"column":4},"end":{"line":36,"column":5}},{"start":{},"end":{}}],"line":30}},"s":{"0":0,"1":0,"2":0,"3":0,"4":0,"5":0,"6":0,"7":0,"8":0,"9":0,"10":0,"11":0,"12":0,"13":0,"14":0},"f":{"0":0,"1":0,"2":0},"b":{"0":[0,0],"1":[0,0],"2":[0,0]}}
,"/Users/thomassourianos/Desktop/Code/Handelsbanken/code-case/src/screens/settings.tsx": {"path":"/Users/thomassourianos/Desktop/Code/Handelsbanken/code-case/src/screens/settings.tsx","statementMap":{"0":{"start":{"line":6,"column":30},"end":{"line":40,"column":1}},"1":{"start":{"line":7,"column":43},"end":{"line":7,"column":62}},"2":{"start":{"line":9,"column":33},"end":{"line":14,"column":3}},"3":{"start":{"line":10,"column":4},"end":{"line":12,"column":5}},"4":{"start":{"line":11,"column":6},"end":{"line":11,"column":45}},"5":{"start":{"line":13,"column":4},"end":{"line":13,"column":31}},"6":{"start":{"line":16,"column":2},"end":{"line":39,"column":4}},"7":{"start":{"line":29,"column":25},"end":{"line":29,"column":58}},"8":{"start":{"line":35,"column":25},"end":{"line":35,"column":61}},"9":{"start":{"line":48,"column":25},"end":{"line":70,"column":1}},"10":{"start":{"line":55,"column":4},"end":{"line":57,"column":51}},"11":{"start":{"line":59,"column":2},"end":{"line":69,"column":4}}},"fnMap":{"0":{"name":"(anonymous_0)","decl":{"start":{"line":6,"column":30},"end":{"line":6,"column":31}},"loc":{"start":{"line":6,"column":36},"end":{"line":40,"column":1}},"line":6},"1":{"name":"(anonymous_1)","decl":{"start":{"line":9,"column":33},"end":{"line":9,"column":34}},"loc":{"start":{"line":9,"column":59},"end":{"line":14,"column":3}},"line":9},"2":{"name":"(anonymous_2)","decl":{"start":{"line":29,"column":19},"end":{"line":29,"column":20}},"loc":{"start":{"line":29,"column":25},"end":{"line":29,"column":58}},"line":29},"3":{"name":"(anonymous_3)","decl":{"start":{"line":35,"column":19},"end":{"line":35,"column":20}},"loc":{"start":{"line":35,"column":25},"end":{"line":35,"column":61}},"line":35},"4":{"name":"(anonymous_4)","decl":{"start":{"line":48,"column":25},"end":{"line":48,"column":26}},"loc":{"start":{"line":52,"column":29},"end":{"line":70,"column":1}},"line":52}},"branchMap":{"0":{"loc":{"start":{"line":10,"column":4},"end":{"line":12,"column":5}},"type":"if","locations":[{"start":{"line":10,"column":4},"end":{"line":12,"column":5}},{"start":{},"end":{}}],"line":10},"1":{"loc":{"start":{"line":10,"column":8},"end":{"line":10,"column":59}},"type":"binary-expr","locations":[{"start":{"line":10,"column":8},"end":{"line":10,"column":30}},{"start":{"line":10,"column":34},"end":{"line":10,"column":59}}],"line":10},"2":{"loc":{"start":{"line":55,"column":4},"end":{"line":57,"column":51}},"type":"cond-expr","locations":[{"start":{"line":56,"column":8},"end":{"line":56,"column":50}},{"start":{"line":57,"column":8},"end":{"line":57,"column":51}}],"line":55}},"s":{"0":0,"1":0,"2":0,"3":0,"4":0,"5":0,"6":0,"7":0,"8":0,"9":0,"10":0,"11":0},"f":{"0":0,"1":0,"2":0,"3":0,"4":0},"b":{"0":[0,0],"1":[0,0],"2":[0,0]}}
,"/Users/thomassourianos/Desktop/Code/Handelsbanken/code-case/src/screens/(home)/home-page-screen.tsx": {"path":"/Users/thomassourianos/Desktop/Code/Handelsbanken/code-case/src/screens/(home)/home-page-screen.tsx","statementMap":{"0":{"start":{"line":10,"column":30},"end":{"line":54,"column":1}},"1":{"start":{"line":11,"column":39},"end":{"line":11,"column":54}},"2":{"start":{"line":12,"column":22},"end":{"line":12,"column":69}},"3":{"start":{"line":15,"column":21},"end":{"line":15,"column":36}},"4":{"start":{"line":17,"column":26},"end":{"line":17,"column":78}},"5":{"start":{"line":17,"column":51},"end":{"line":17,"column":77}},"6":{"start":{"line":18,"column":4},"end":{"line":20,"column":5}},"7":{"start":{"line":19,"column":6},"end":{"line":19,"column":13}},"8":{"start":{"line":23,"column":4},"end":{"line":31,"column":5}},"9":{"start":{"line":24,"column":38},"end":{"line":24,"column":58}},"10":{"start":{"line":26,"column":6},"end":{"line":30,"column":9}},"11":{"start":{"line":34,"column":2},"end":{"line":36,"column":9}},"12":{"start":{"line":35,"column":4},"end":{"line":35,"column":24}},"13":{"start":{"line":38,"column":29},"end":{"line":40,"column":3}},"14":{"start":{"line":39,"column":13},"end":{"line":39,"column":39}},"15":{"start":{"line":42,"column":2},"end":{"line":53,"column":4}},"16":{"start":{"line":49,"column":38},"end":{"line":49,"column":69}},"17":{"start":{"line":50,"column":34},"end":{"line":50,"column":59}}},"fnMap":{"0":{"name":"(anonymous_0)","decl":{"start":{"line":10,"column":30},"end":{"line":10,"column":31}},"loc":{"start":{"line":10,"column":36},"end":{"line":54,"column":1}},"line":10},"1":{"name":"handleGetLocation","decl":{"start":{"line":14,"column":17},"end":{"line":14,"column":34}},"loc":{"start":{"line":14,"column":37},"end":{"line":32,"column":3}},"line":14},"2":{"name":"(anonymous_2)","decl":{"start":{"line":17,"column":42},"end":{"line":17,"column":43}},"loc":{"start":{"line":17,"column":51},"end":{"line":17,"column":77}},"line":17},"3":{"name":"(anonymous_3)","decl":{"start":{"line":34,"column":12},"end":{"line":34,"column":13}},"loc":{"start":{"line":34,"column":18},"end":{"line":36,"column":3}},"line":34},"4":{"name":"(anonymous_4)","decl":{"start":{"line":39,"column":4},"end":{"line":39,"column":5}},"loc":{"start":{"line":39,"column":13},"end":{"line":39,"column":39}},"line":39},"5":{"name":"(anonymous_5)","decl":{"start":{"line":49,"column":32},"end":{"line":49,"column":33}},"loc":{"start":{"line":49,"column":38},"end":{"line":49,"column":69}},"line":49},"6":{"name":"(anonymous_6)","decl":{"start":{"line":50,"column":20},"end":{"line":50,"column":21}},"loc":{"start":{"line":50,"column":34},"end":{"line":50,"column":59}},"line":50}},"branchMap":{"0":{"loc":{"start":{"line":18,"column":4},"end":{"line":20,"column":5}},"type":"if","locations":[{"start":{"line":18,"column":4},"end":{"line":20,"column":5}},{"start":{},"end":{}}],"line":18},"1":{"loc":{"start":{"line":23,"column":4},"end":{"line":31,"column":5}},"type":"if","locations":[{"start":{"line":23,"column":4},"end":{"line":31,"column":5}},{"start":{},"end":{}}],"line":23},"2":{"loc":{"start":{"line":44,"column":7},"end":{"line":44,"column":49}},"type":"binary-expr","locations":[{"start":{"line":44,"column":7},"end":{"line":44,"column":26}},{"start":{"line":44,"column":30},"end":{"line":44,"column":49}}],"line":44}},"s":{"0":0,"1":0,"2":0,"3":0,"4":0,"5":0,"6":0,"7":0,"8":0,"9":0,"10":0,"11":0,"12":0,"13":0,"14":0,"15":0,"16":0,"17":0},"f":{"0":0,"1":0,"2":0,"3":0,"4":0,"5":0,"6":0},"b":{"0":[0,0],"1":[0,0],"2":[0,0]}}
,"/Users/thomassourianos/Desktop/Code/Handelsbanken/code-case/src/screens/(home)/single-weather-screen.tsx": {"path":"/Users/thomassourianos/Desktop/Code/Handelsbanken/code-case/src/screens/(home)/single-weather-screen.tsx","statementMap":{"0":{"start":{"line":16,"column":20},"end":{"line":16,"column":27}},"1":{"start":{"line":18,"column":35},"end":{"line":55,"column":1}},"2":{"start":{"line":19,"column":17},"end":{"line":19,"column":28}},"3":{"start":{"line":21,"column":25},"end":{"line":21,"column":40}},"4":{"start":{"line":22,"column":21},"end":{"line":22,"column":67}},"5":{"start":{"line":22,"column":46},"end":{"line":22,"column":66}},"6":{"start":{"line":24,"column":19},"end":{"line":24,"column":61}},"7":{"start":{"line":26,"column":28},"end":{"line":30,"column":12}},"8":{"start":{"line":27,"column":4},"end":{"line":29,"column":6}},"9":{"start":{"line":28,"column":6},"end":{"line":28,"column":49}},"10":{"start":{"line":32,"column":2},"end":{"line":34,"column":3}},"11":{"start":{"line":33,"column":4},"end":{"line":33,"column":25}},"12":{"start":{"line":36,"column":2},"end":{"line":54,"column":4}},"13":{"start":{"line":38,"column":32},"end":{"line":38,"column":45}},"14":{"start":{"line":48,"column":38},"end":{"line":48,"column":69}},"15":{"start":{"line":51,"column":34},"end":{"line":51,"column":77}},"16":{"start":{"line":61,"column":36},"end":{"line":88,"column":1}},"17":{"start":{"line":64,"column":25},"end":{"line":64,"column":44}},"18":{"start":{"line":65,"column":18},"end":{"line":65,"column":43}},"19":{"start":{"line":66,"column":15},"end":{"line":66,"column":47}},"20":{"start":{"line":67,"column":2},"end":{"line":87,"column":4}}},"fnMap":{"0":{"name":"(anonymous_0)","decl":{"start":{"line":18,"column":35},"end":{"line":18,"column":36}},"loc":{"start":{"line":18,"column":79},"end":{"line":55,"column":1}},"line":18},"1":{"name":"(anonymous_1)","decl":{"start":{"line":22,"column":37},"end":{"line":22,"column":38}},"loc":{"start":{"line":22,"column":46},"end":{"line":22,"column":66}},"line":22},"2":{"name":"(anonymous_2)","decl":{"start":{"line":26,"column":36},"end":{"line":26,"column":37}},"loc":{"start":{"line":26,"column":42},"end":{"line":30,"column":3}},"line":26},"3":{"name":"(anonymous_3)","decl":{"start":{"line":27,"column":46},"end":{"line":27,"column":47}},"loc":{"start":{"line":28,"column":6},"end":{"line":28,"column":49}},"line":28},"4":{"name":"(anonymous_4)","decl":{"start":{"line":38,"column":26},"end":{"line":38,"column":27}},"loc":{"start":{"line":38,"column":32},"end":{"line":38,"column":45}},"line":38},"5":{"name":"(anonymous_5)","decl":{"start":{"line":48,"column":32},"end":{"line":48,"column":33}},"loc":{"start":{"line":48,"column":38},"end":{"line":48,"column":69}},"line":48},"6":{"name":"(anonymous_6)","decl":{"start":{"line":51,"column":20},"end":{"line":51,"column":21}},"loc":{"start":{"line":51,"column":34},"end":{"line":51,"column":77}},"line":51},"7":{"name":"(anonymous_7)","decl":{"start":{"line":61,"column":36},"end":{"line":61,"column":37}},"loc":{"start":{"line":63,"column":40},"end":{"line":88,"column":1}},"line":63}},"branchMap":{"0":{"loc":{"start":{"line":24,"column":39},"end":{"line":24,"column":60}},"type":"binary-expr","locations":[{"start":{"line":24,"column":39},"end":{"line":24,"column":54}},{"start":{"line":24,"column":58},"end":{"line":24,"column":60}}],"line":24},"1":{"loc":{"start":{"line":32,"column":2},"end":{"line":34,"column":3}},"type":"if","locations":[{"start":{"line":32,"column":2},"end":{"line":34,"column":3}},{"start":{},"end":{}}],"line":32},"2":{"loc":{"start":{"line":32,"column":6},"end":{"line":32,"column":26}},"type":"binary-expr","locations":[{"start":{"line":32,"column":6},"end":{"line":32,"column":17}},{"start":{"line":32,"column":21},"end":{"line":32,"column":26}}],"line":32}},"s":{"0":0,"1":0,"2":0,"3":0,"4":0,"5":0,"6":0,"7":0,"8":0,"9":0,"10":0,"11":0,"12":0,"13":0,"14":0,"15":0,"16":0,"17":0,"18":0,"19":0,"20":0},"f":{"0":0,"1":0,"2":0,"3":0,"4":0,"5":0,"6":0,"7":0},"b":{"0":[0,0],"1":[0,0],"2":[0,0]}}
,"/Users/thomassourianos/Desktop/Code/Handelsbanken/code-case/src/utils/api.ts": {"path":"/Users/thomassourianos/Desktop/Code/Handelsbanken/code-case/src/utils/api.ts","statementMap":{"0":{"start":{"line":1,"column":19},"end":{"line":1,"column":76}}},"fnMap":{},"branchMap":{},"s":{"0":0},"f":{},"b":{}}
,"/Users/thomassourianos/Desktop/Code/Handelsbanken/code-case/src/utils/async-storage-keys.ts": {"path":"/Users/thomassourianos/Desktop/Code/Handelsbanken/code-case/src/utils/async-storage-keys.ts","statementMap":{"0":{"start":{"line":1,"column":34},"end":{"line":4,"column":1}}},"fnMap":{},"branchMap":{},"s":{"0":2},"f":{},"b":{},"_coverageSchema":"1a1c01bbd47fc00a2c39e90264f33305004495a9","hash":"25b946244dcb85abaa016c74983f6bed565ff219"}
,"/Users/thomassourianos/Desktop/Code/Handelsbanken/code-case/src/utils/types.ts": {"path":"/Users/thomassourianos/Desktop/Code/Handelsbanken/code-case/src/utils/types.ts","statementMap":{},"fnMap":{},"branchMap":{},"s":{},"f":{},"b":{}}
,"/Users/thomassourianos/Desktop/Code/Handelsbanken/code-case/src/utils/utils.ts": {"path":"/Users/thomassourianos/Desktop/Code/Handelsbanken/code-case/src/utils/utils.ts","statementMap":{"0":{"start":{"line":3,"column":42},"end":{"line":13,"column":1}},"1":{"start":{"line":7,"column":2},"end":{"line":9,"column":3}},"2":{"start":{"line":8,"column":4},"end":{"line":8,"column":26}},"3":{"start":{"line":11,"column":21},"end":{"line":11,"column":39}},"4":{"start":{"line":12,"column":2},"end":{"line":12,"column":27}}},"fnMap":{"0":{"name":"(anonymous_0)","decl":{"start":{"line":3,"column":42},"end":{"line":3,"column":43}},"loc":{"start":{"line":6,"column":5},"end":{"line":13,"column":1}},"line":6}},"branchMap":{"0":{"loc":{"start":{"line":7,"column":2},"end":{"line":9,"column":3}},"type":"if","locations":[{"start":{"line":7,"column":2},"end":{"line":9,"column":3}},{"start":{},"end":{}}],"line":7}},"s":{"0":2,"1":4,"2":2,"3":2,"4":2},"f":{"0":4},"b":{"0":[2,2]},"_coverageSchema":"1a1c01bbd47fc00a2c39e90264f33305004495a9","hash":"41ba12b1db52e887e30be58ae8be1fefe03d213f"}
}
